TN:
SF:source.js
FN:9,(anonymous_1)
FN:21,(anonymous_2)
FN:31,(anonymous_3)
FN:41,mapHub
FN:56,(anonymous_5)
FN:66,(anonymous_6)
FN:69,(anonymous_7)
FN:76,mapActivity
FN:89,(anonymous_9)
FN:99,(anonymous_10)
FN:109,mapState
FN:119,(anonymous_12)
FN:132,(anonymous_13)
FN:148,(anonymous_14)
FN:158,(anonymous_15)
FNF:15
FNH:12
FNDA:1,(anonymous_1)
FNDA:2,(anonymous_2)
FNDA:1,(anonymous_3)
FNDA:2,mapHub
FNDA:2,(anonymous_5)
FNDA:1,(anonymous_6)
FNDA:1,(anonymous_7)
FNDA:2,mapActivity
FNDA:2,(anonymous_9)
FNDA:1,(anonymous_10)
FNDA:2,mapState
FNDA:0,(anonymous_12)
FNDA:0,(anonymous_13)
FNDA:0,(anonymous_14)
FNDA:6,(anonymous_15)
DA:3,1
DA:5,1
DA:7,1
DA:9,1
DA:10,1
DA:11,1
DA:12,1
DA:21,1
DA:22,2
DA:24,1
DA:25,1
DA:31,1
DA:32,1
DA:34,1
DA:35,1
DA:36,1
DA:41,1
DA:42,2
DA:56,1
DA:57,2
DA:59,1
DA:60,1
DA:66,1
DA:67,1
DA:69,1
DA:70,1
DA:71,1
DA:76,1
DA:77,2
DA:78,2
DA:79,2
DA:89,1
DA:90,2
DA:92,1
DA:93,1
DA:99,1
DA:100,1
DA:102,1
DA:103,1
DA:104,1
DA:109,1
DA:110,2
DA:119,1
DA:120,0
DA:132,1
DA:133,0
DA:134,0
DA:136,0
DA:148,1
DA:149,0
DA:150,0
DA:152,0
DA:158,1
DA:159,6
DA:161,6
DA:169,6
DA:172,1
LF:57
LH:50
BRDA:12,1,0,0
BRDA:12,1,1,1
BRDA:22,2,0,1
BRDA:22,2,1,1
BRDA:57,3,0,1
BRDA:57,3,1,1
BRDA:90,4,0,1
BRDA:90,4,1,1
BRDA:122,5,0,0
BRDA:122,5,1,0
BRDA:133,6,0,0
BRDA:133,6,1,0
BRDA:134,7,0,0
BRDA:134,7,1,0
BRDA:149,8,0,0
BRDA:149,8,1,0
BRDA:150,9,0,0
BRDA:150,9,1,0
BRDA:159,10,0,6
BRDA:159,10,1,0
BRF:20
BRH:8
end_of_record
